This file contains any messages produced by compilers while
running configure, to aid debugging if configure makes a mistake.

It was created by Arm Examples configure 1.0, which was
generated by GNU Autoconf 2.69.  Invocation command line was

  $ ./configure 

## --------- ##
## Platform. ##
## --------- ##

hostname = im2ag-mandelbrot
uname -m = x86_64
uname -r = 3.16.0-4-amd64
uname -s = Linux
uname -v = #1 SMP Debian 3.16.36-1+deb8u2 (2016-10-19)

/usr/bin/uname -p = unknown
/bin/uname -X     = unknown

/bin/arch              = unknown
/usr/bin/arch -k       = unknown
/usr/convex/getsysinfo = unknown
/usr/bin/hostinfo      = unknown
/bin/machine           = unknown
/usr/bin/oslevel       = unknown
/bin/universe          = unknown

PATH: /usr/local/bin
PATH: /usr/local/sbin
PATH: /usr/bin
PATH: /usr/sbin
PATH: /bin
PATH: /sbin


## ----------- ##
## Core tests. ##
## ----------- ##

configure:1844: checking for a BSD-compatible install
configure:1912: result: /usr/bin/install -c
configure:1923: checking whether build environment is sane
configure:1978: result: yes
configure:2129: checking for a thread-safe mkdir -p
configure:2168: result: /bin/mkdir -p
configure:2175: checking for gawk
configure:2191: found /usr/bin/gawk
configure:2202: result: gawk
configure:2213: checking whether make sets $(MAKE)
configure:2235: result: yes
configure:2264: checking whether make supports nested variables
configure:2281: result: yes
configure:2411: configuring ARM examples
configure:2463: checking for gcc
configure:2479: found /usr/bin/gcc
configure:2490: result: gcc
configure:2719: checking for C compiler version
configure:2728: gcc --version >&5
gcc (Debian 4.9.2-10) 4.9.2
Copyright (C) 2014 Free Software Foundation, Inc.
This is free software; see the source for copying conditions.  There is NO
warranty; not even for MERCHANTABILITY or FITNESS FOR A PARTICULAR PURPOSE.

configure:2739: $? = 0
configure:2728: gcc -v >&5
Using built-in specs.
COLLECT_GCC=gcc
COLLECT_LTO_WRAPPER=/usr/lib/gcc/x86_64-linux-gnu/4.9/lto-wrapper
Target: x86_64-linux-gnu
Configured with: ../src/configure -v --with-pkgversion='Debian 4.9.2-10' --with-bugurl=file:///usr/share/doc/gcc-4.9/README.Bugs --enable-languages=c,c++,java,go,d,fortran,objc,obj-c++ --prefix=/usr --program-suffix=-4.9 --enable-shared --enable-linker-build-id --libexecdir=/usr/lib --without-included-gettext --enable-threads=posix --with-gxx-include-dir=/usr/include/c++/4.9 --libdir=/usr/lib --enable-nls --with-sysroot=/ --enable-clocale=gnu --enable-libstdcxx-debug --enable-libstdcxx-time=yes --enable-gnu-unique-object --disable-vtable-verify --enable-plugin --with-system-zlib --disable-browser-plugin --enable-java-awt=gtk --enable-gtk-cairo --with-java-home=/usr/lib/jvm/java-1.5.0-gcj-4.9-amd64/jre --enable-java-home --with-jvm-root-dir=/usr/lib/jvm/java-1.5.0-gcj-4.9-amd64 --with-jvm-jar-dir=/usr/lib/jvm-exports/java-1.5.0-gcj-4.9-amd64 --with-arch-directory=amd64 --with-ecj-jar=/usr/share/java/eclipse-ecj.jar --enable-objc-gc --enable-multiarch --with-arch-32=i586 --with-abi=m64 --with-multilib-list=m32,m64,mx32 --enable-multilib --with-tune=generic --enable-checking=release --build=x86_64-linux-gnu --host=x86_64-linux-gnu --target=x86_64-linux-gnu
Thread model: posix
gcc version 4.9.2 (Debian 4.9.2-10) 
configure:2739: $? = 0
configure:2728: gcc -V >&5
gcc: error: unrecognized command line option '-V'
gcc: fatal error: no input files
compilation terminated.
configure:2739: $? = 4
configure:2728: gcc -qversion >&5
gcc: error: unrecognized command line option '-qversion'
gcc: fatal error: no input files
compilation terminated.
configure:2739: $? = 4
configure:2759: checking whether the C compiler works
configure:2781: gcc    conftest.c  >&5
configure:2785: $? = 0
configure:2833: result: yes
configure:2836: checking for C compiler default output file name
configure:2838: result: a.out
configure:2844: checking for suffix of executables
configure:2851: gcc -o conftest    conftest.c  >&5
configure:2855: $? = 0
configure:2877: result: 
configure:2899: checking whether we are cross compiling
configure:2907: gcc -o conftest    conftest.c  >&5
configure:2911: $? = 0
configure:2918: ./conftest
configure:2922: $? = 0
configure:2937: result: no
configure:2942: checking for suffix of object files
configure:2964: gcc -c   conftest.c >&5
configure:2968: $? = 0
configure:2989: result: o
configure:2993: checking whether we are using the GNU C compiler
configure:3012: gcc -c   conftest.c >&5
configure:3012: $? = 0
configure:3021: result: yes
configure:3030: checking whether gcc accepts -g
configure:3050: gcc -c -g  conftest.c >&5
configure:3050: $? = 0
configure:3091: result: yes
configure:3108: checking for gcc option to accept ISO C89
configure:3171: gcc  -c -g -O2  conftest.c >&5
configure:3171: $? = 0
configure:3184: result: none needed
configure:3209: checking whether gcc understands -c and -o together
configure:3231: gcc -c conftest.c -o conftest2.o
configure:3234: $? = 0
configure:3231: gcc -c conftest.c -o conftest2.o
configure:3234: $? = 0
configure:3246: result: yes
configure:3274: checking for style of include used by make
configure:3302: result: GNU
configure:3328: checking dependency style of gcc
configure:3439: result: none
configure:3463: checking dependency style of gcc
configure:3572: result: none
configure:3592: checking for arm-elf-ld
configure:3622: result: no
configure:3592: checking for arm-linux-gnueabi-ld
configure:3622: result: no
configure:3592: checking for arm-eabi-ld
configure:3622: result: no
configure:3632: checking whether the compiler is targeting ARM
configure:3639: result: no
configure:3642: WARNING: An ARM cross-compiler is required to compile the examples
configure:3773: checking that generated files are newer than configure
configure:3779: result: done
configure:3810: creating ./config.status

## ---------------------- ##
## Running config.status. ##
## ---------------------- ##

This file was extended by Arm Examples config.status 1.0, which was
generated by GNU Autoconf 2.69.  Invocation command line was

  CONFIG_FILES    = 
  CONFIG_HEADERS  = 
  CONFIG_LINKS    = 
  CONFIG_COMMANDS = 
  $ ./config.status 

on im2ag-mandelbrot

config.status:847: creating Makefile
config.status:847: creating config.h
config.status:1076: executing depfiles commands

## ---------------- ##
## Cache variables. ##
## ---------------- ##

ac_cv_c_compiler_gnu=yes
ac_cv_env_CCASFLAGS_set=
ac_cv_env_CCASFLAGS_value=
ac_cv_env_CCAS_set=
ac_cv_env_CCAS_value=
ac_cv_env_CC_set=
ac_cv_env_CC_value=
ac_cv_env_CFLAGS_set=
ac_cv_env_CFLAGS_value=
ac_cv_env_CPPFLAGS_set=
ac_cv_env_CPPFLAGS_value=
ac_cv_env_LDFLAGS_set=
ac_cv_env_LDFLAGS_value=
ac_cv_env_LIBS_set=
ac_cv_env_LIBS_value=
ac_cv_env_build_alias_set=
ac_cv_env_build_alias_value=
ac_cv_env_host_alias_set=
ac_cv_env_host_alias_value=
ac_cv_env_target_alias_set=
ac_cv_env_target_alias_value=
ac_cv_objext=o
ac_cv_path_install='/usr/bin/install -c'
ac_cv_path_mkdir=/bin/mkdir
ac_cv_prog_AWK=gawk
ac_cv_prog_ac_ct_CC=gcc
ac_cv_prog_cc_c89=
ac_cv_prog_cc_g=yes
ac_cv_prog_make_make_set=yes
am_cv_CCAS_dependencies_compiler_type=none
am_cv_CC_dependencies_compiler_type=none
am_cv_make_support_nested_variables=yes
am_cv_prog_cc_c_o=yes

## ----------------- ##
## Output variables. ##
## ----------------- ##

ACLOCAL='${SHELL} /home/d/defoursr/elf_linker-13/build-aux/missing aclocal-1.15'
AMDEPBACKSLASH='\'
AMDEP_FALSE='#'
AMDEP_TRUE=''
AMTAR='$${TAR-tar}'
AM_BACKSLASH='\'
AM_DEFAULT_V='$(AM_DEFAULT_VERBOSITY)'
AM_DEFAULT_VERBOSITY='1'
AM_V='$(V)'
AUTOCONF='${SHELL} /home/d/defoursr/elf_linker-13/build-aux/missing autoconf'
AUTOHEADER='${SHELL} /home/d/defoursr/elf_linker-13/build-aux/missing autoheader'
AUTOMAKE='${SHELL} /home/d/defoursr/elf_linker-13/build-aux/missing automake-1.15'
AWK='gawk'
CC='gcc'
CCAS='gcc'
CCASDEPMODE='depmode=none'
CCASFLAGS='-g -O2'
CCDEPMODE='depmode=none'
CFLAGS='-g -O2'
CPPFLAGS=''
CYGPATH_W='echo'
DEFS='-DHAVE_CONFIG_H'
DEPDIR='.deps'
ECHO_C=''
ECHO_N='-n'
ECHO_T=''
EXEEXT=''
HAVE_ARM_COMPILER_FALSE=''
HAVE_ARM_COMPILER_TRUE='#'
INSTALL_DATA='${INSTALL} -m 644'
INSTALL_PROGRAM='${INSTALL}'
INSTALL_SCRIPT='${INSTALL}'
INSTALL_STRIP_PROGRAM='$(install_sh) -c -s'
LDFLAGS=''
LD_CROSS='none'
LIBOBJS=''
LIBS=''
LTLIBOBJS=''
MAKEINFO='${SHELL} /home/d/defoursr/elf_linker-13/build-aux/missing makeinfo'
MKDIR_P='/bin/mkdir -p'
OBJEXT='o'
PACKAGE='arm-examples'
PACKAGE_BUGREPORT='Guillaume.Huard@imag.fr'
PACKAGE_NAME='Arm Examples'
PACKAGE_STRING='Arm Examples 1.0'
PACKAGE_TARNAME='arm-examples'
PACKAGE_URL=''
PACKAGE_VERSION='1.0'
PATH_SEPARATOR=':'
SET_MAKE=''
SHELL='/bin/bash'
STRIP=''
VERSION='1.0'
ac_ct_CC='gcc'
am__EXEEXT_FALSE=''
am__EXEEXT_TRUE='#'
am__fastdepCCAS_FALSE=''
am__fastdepCCAS_TRUE='#'
am__fastdepCC_FALSE=''
am__fastdepCC_TRUE='#'
am__include='include'
am__isrc=''
am__leading_dot='.'
am__nodep='_no'
am__quote=''
am__tar='$${TAR-tar} chof - "$$tardir"'
am__untar='$${TAR-tar} xf -'
bindir='${exec_prefix}/bin'
build_alias=''
datadir='${datarootdir}'
datarootdir='${prefix}/share'
docdir='${datarootdir}/doc/${PACKAGE_TARNAME}'
dvidir='${docdir}'
exec_prefix='${prefix}'
host_alias=''
htmldir='${docdir}'
includedir='${prefix}/include'
infodir='${datarootdir}/info'
install_sh='${SHELL} /home/d/defoursr/elf_linker-13/build-aux/install-sh'
libdir='${exec_prefix}/lib'
libexecdir='${exec_prefix}/libexec'
localedir='${datarootdir}/locale'
localstatedir='${prefix}/var'
mandir='${datarootdir}/man'
mkdir_p='$(MKDIR_P)'
oldincludedir='/usr/include'
pdfdir='${docdir}'
prefix='/usr/local'
program_transform_name='s,x,x,'
psdir='${docdir}'
sbindir='${exec_prefix}/sbin'
sharedstatedir='${prefix}/com'
sysconfdir='${prefix}/etc'
target_alias=''

## ----------- ##
## confdefs.h. ##
## ----------- ##

/* confdefs.h */
#define PACKAGE_NAME "Arm Examples"
#define PACKAGE_TARNAME "arm-examples"
#define PACKAGE_VERSION "1.0"
#define PACKAGE_STRING "Arm Examples 1.0"
#define PACKAGE_BUGREPORT "Guillaume.Huard@imag.fr"
#define PACKAGE_URL ""
#define PACKAGE "arm-examples"
#define VERSION "1.0"

configure: exit 0
